<?xml version="1.0" encoding="UTF-8"?>
<robot generator="Robot 7.4.1 (Python 3.14.2 on win32)" generated="2026-06-03T17:35:09.108489" rpa="false" schemaversion="5">
<suite id="s1" name="Tests Api" source="C:\Users\hp\Desktop\projet-test-vs code\tests_api">
<suite id="s1-s1" name="01 GET" source="C:\Users\hp\Desktop\projet-test-vs code\tests_api\01_GET.robot">
<test id="s1-s1-t1" name="Test Requete GET Users" line="11">
<kw name="Create Dictionary" owner="BuiltIn">
<msg time="2026-06-03T17:35:09.828842" level="INFO">&amp;{Params} = { page=1 | per_page=6 }</msg>
<var>&amp;{Params}</var>
<arg>page=1</arg>
<arg>per_page=6</arg>
<doc>Creates and returns a dictionary based on the given ``items``.</doc>
<status status="PASS" start="2026-06-03T17:35:09.827489" elapsed="0.001466"/>
</kw>
<kw name="Create Dictionary" owner="BuiltIn">
<msg time="2026-06-03T17:35:09.830718" level="INFO">&amp;{headers} = { Authorization=Bearer Cle-API-ReqRes-test-academy }</msg>
<var>&amp;{headers}</var>
<arg>Authorization=Bearer ${API_KEY}</arg>
<doc>Creates and returns a dictionary based on the given ``items``.</doc>
<status status="PASS" start="2026-06-03T17:35:09.829691" elapsed="0.001108"/>
</kw>
<kw name="GET" owner="RequestsLibrary">
<msg time="2026-06-03T17:35:43.326166" level="INFO">GET Request : url=https://mock-api-h0g7.onrender.com/api/users 
 path_url=/api/users 
 headers={'User-Agent': 'python-requests/2.34.2', 'Accept-Encoding': 'gzip, deflate, zstd', 'Accept': '*/*', 'Connection': 'keep-alive', 'Authorization': 'Bearer Cle-API-ReqRes-test-academy'} 
 body=None 
 </msg>
<msg time="2026-06-03T17:35:43.326645" level="INFO">GET Response : url=https://mock-api-h0g7.onrender.com/api/users 
 status=200, reason=OK 
 headers={'Date': 'Wed, 03 Jun 2026 16:36:13 GMT', 'Content-Type': 'application/json', 'Transfer-Encoding': 'chunked', 'Connection': 'keep-alive', 'cf-cache-status': 'DYNAMIC', 'rndr-id': 'fca91cce-f20c-42d0', 'Server': 'cloudflare', 'vary': 'Accept-Encoding', 'x-render-origin-server': 'uvicorn', 'Content-Encoding': 'gzip', 'CF-RAY': 'a0601cc73f10f528-MAD', 'alt-svc': 'h3=":443"; ma=86400'} 
 body={"page":1,"per_page":6,"total":12,"total_pages":2,"data":[{"id":1,"email":"george.bluth@api.testacademy.fr","first_name":"George","last_name":"Bluth","avatar":"https://api.testacademy.fr/img/faces/1-image.jpg"},{"id":2,"email":"janet.weaver@api.testacademy.fr","first_name":"Janet","last_name":"Weaver","avatar":"https://api.testacademy.fr/img/faces/2-image.jpg"},{"id":3,"email":"emma.wong@api.testacademy.fr","first_name":"Emma","last_name":"Wong","avatar":"https://api.testacademy.fr/img/faces/3-image.jpg"},{"id":4,"email":"eve.holt@api.testacademy.fr","first_name":"Eve","last_name":"Holt","avatar":"https://api.testacademy.fr/img/faces/4-image.jpg"},{"id":5,"email":"charles.morris@api.testacademy.fr","first_name":"Charles","last_name":"Morris","avatar":"https://api.testacademy.fr/img/faces/5-image.jpg"},{"id":6,"email":"tracey.ramos@api.testacademy.fr","first_name":"Tracey","last_name":"Ramos","avatar":"https://api.testacademy.fr/img/faces/6-image.jpg"}],"support":{"url":"https://api.testacademy.fr/#support-heading","text":"To keep TestAcademy free, contributions towards server costs are appreciated!"}} 
 </msg>
<msg time="2026-06-03T17:35:43.327178" level="INFO">${reponse} = &lt;Response [200]&gt;</msg>
<var>${reponse}</var>
<arg>${Base_URL}api/users</arg>
<arg>headers=${headers}</arg>
<doc>Sends a GET request.</doc>
<status status="PASS" start="2026-06-03T17:35:09.831434" elapsed="33.495861"/>
</kw>
<kw name="Set Variable" owner="BuiltIn">
<msg time="2026-06-03T17:35:43.331693" level="INFO">${ReponseJson} = {'page': 1, 'per_page': 6, 'total': 12, 'total_pages': 2, 'data': [{'id': 1, 'email': 'george.bluth@api.testacademy.fr', 'first_name': 'George', 'last_name': 'Bluth', 'avatar': 'https://api.testacadem...</msg>
<var>${ReponseJson}</var>
<arg>${Reponse.json()}</arg>
<doc>Returns the given values which can then be assigned to a variables.</doc>
<status status="PASS" start="2026-06-03T17:35:43.328429" elapsed="0.003414"/>
</kw>
<kw name="Log" owner="BuiltIn">
<msg time="2026-06-03T17:35:43.333951" level="INFO">{'page': 1, 'per_page': 6, 'total': 12, 'total_pages': 2, 'data': [{'id': 1, 'email': 'george.bluth@api.testacademy.fr', 'first_name': 'George', 'last_name': 'Bluth', 'avatar': 'https://api.testacademy.fr/img/faces/1-image.jpg'}, {'id': 2, 'email': 'janet.weaver@api.testacademy.fr', 'first_name': 'Janet', 'last_name': 'Weaver', 'avatar': 'https://api.testacademy.fr/img/faces/2-image.jpg'}, {'id': 3, 'email': 'emma.wong@api.testacademy.fr', 'first_name': 'Emma', 'last_name': 'Wong', 'avatar': 'https://api.testacademy.fr/img/faces/3-image.jpg'}, {'id': 4, 'email': 'eve.holt@api.testacademy.fr', 'first_name': 'Eve', 'last_name': 'Holt', 'avatar': 'https://api.testacademy.fr/img/faces/4-image.jpg'}, {'id': 5, 'email': 'charles.morris@api.testacademy.fr', 'first_name': 'Charles', 'last_name': 'Morris', 'avatar': 'https://api.testacademy.fr/img/faces/5-image.jpg'}, {'id': 6, 'email': 'tracey.ramos@api.testacademy.fr', 'first_name': 'Tracey', 'last_name': 'Ramos', 'avatar': 'https://api.testacademy.fr/img/faces/6-image.jpg'}], 'support': {'url': 'https://api.testacademy.fr/#support-heading', 'text': 'To keep TestAcademy free, contributions towards server costs are appreciated!'}}</msg>
<arg>${ReponseJson}</arg>
<doc>Logs the given message with the given level.</doc>
<status status="PASS" start="2026-06-03T17:35:43.332753" elapsed="0.001442"/>
</kw>
<kw name="Get Value From Json" owner="JSONLibrary">
<msg time="2026-06-03T17:35:43.421392" level="INFO">${ListeUtilisateurs} = [{'id': 1, 'email': 'george.bluth@api.testacademy.fr', 'first_name': 'George', 'last_name': 'Bluth', 'avatar': 'https://api.testacademy.fr/img/faces/1-image.jpg'}, {'id': 2, 'email': 'janet.weaver@api...</msg>
<var>${ListeUtilisateurs}</var>
<arg>${ReponseJson}</arg>
<arg>data[:]</arg>
<doc>Get Value From JSON using JSONPath</doc>
<status status="PASS" start="2026-06-03T17:35:43.334975" elapsed="0.086650"/>
</kw>
<kw name="Get Value From Json" owner="JSONLibrary">
<msg time="2026-06-03T17:35:43.511133" level="INFO">${FirstNames} = ['George', 'Janet', 'Emma', 'Eve', 'Charles', 'Tracey']</msg>
<var>${FirstNames}</var>
<arg>${ReponseJson}</arg>
<arg>data[*].first_name</arg>
<doc>Get Value From JSON using JSONPath</doc>
<status status="PASS" start="2026-06-03T17:35:43.422641" elapsed="0.088640"/>
</kw>
<kw name="Should Contain" owner="BuiltIn">
<arg>${FirstNames}</arg>
<arg>George</arg>
<doc>Fails if ``container`` does not contain ``item`` one or more times.</doc>
<status status="PASS" start="2026-06-03T17:35:43.512217" elapsed="0.001860"/>
</kw>
<status status="PASS" start="2026-06-03T17:35:09.825241" elapsed="33.689719"/>
</test>
<status status="PASS" start="2026-06-03T17:35:09.227145" elapsed="34.290437"/>
</suite>
<suite id="s1-s2" name="02 POST" source="C:\Users\hp\Desktop\projet-test-vs code\tests_api\02_POST.robot">
<test id="s1-s2-t1" name="Test Requete POST" line="13">
<kw name="Create Dictionary" owner="BuiltIn">
<msg time="2026-06-03T17:35:43.533223" level="INFO">&amp;{headers} = { Authorization=Bearer Cle-API-ReqRes-test-academy }</msg>
<var>&amp;{headers}</var>
<arg>Authorization=Bearer ${API_KEY}</arg>
<doc>Creates and returns a dictionary based on the given ``items``.</doc>
<status status="PASS" start="2026-06-03T17:35:43.531400" elapsed="0.001972"/>
</kw>
<kw name="Create Dictionary" owner="BuiltIn">
<msg time="2026-06-03T17:35:43.536137" level="INFO">&amp;{Corps_Requete} = { first_name=Anass | last_name=Rami | email=anass.rami@api.testacademy.fr }</msg>
<var>&amp;{Corps_Requete}</var>
<arg>first_name=${FirstName_Attendu}</arg>
<arg>last_name=${LastName_Attendu}</arg>
<arg>email=${Email_Attendu}</arg>
<doc>Creates and returns a dictionary based on the given ``items``.</doc>
<status status="PASS" start="2026-06-03T17:35:43.534227" elapsed="0.002040"/>
</kw>
<kw name="POST" owner="RequestsLibrary">
<msg time="2026-06-03T17:35:44.861452" level="INFO">POST Request : url=https://mock-api-h0g7.onrender.com/api/users 
 path_url=/api/users 
 headers={'User-Agent': 'python-requests/2.34.2', 'Accept-Encoding': 'gzip, deflate, zstd', 'Accept': '*/*', 'Connection': 'keep-alive', 'Authorization': 'Bearer Cle-API-ReqRes-test-academy', 'Content-Length': '86', 'Content-Type': 'application/json'} 
 body=b'{"first_name": "Anass", "last_name": "Rami", "email": "anass.rami@api.testacademy.fr"}' 
 </msg>
<msg time="2026-06-03T17:35:44.861908" level="INFO">POST Response : url=https://mock-api-h0g7.onrender.com/api/users 
 status=201, reason=Created 
 headers={'Date': 'Wed, 03 Jun 2026 16:36:15 GMT', 'Content-Type': 'application/json', 'Transfer-Encoding': 'chunked', 'Connection': 'keep-alive', 'cf-cache-status': 'DYNAMIC', 'rndr-id': '222a0d87-cd10-4e76', 'Server': 'cloudflare', 'vary': 'Accept-Encoding', 'x-render-origin-server': 'uvicorn', 'CF-RAY': 'a0601d9b1f1f0b7a-MAD', 'alt-svc': 'h3=":443"; ma=86400'} 
 body={"first_name":"Anass","last_name":"Rami","email":"anass.rami@api.testacademy.fr","avatar":"https://api.testacademy.fr/img/faces/13-image.jpg","id":"13","createdAt":"2026-06-03T16:36:15.335299"} 
 </msg>
<msg time="2026-06-03T17:35:44.862376" level="INFO">${Reponse} = &lt;Response [201]&gt;</msg>
<var>${Reponse}</var>
<arg>${Base_URL}api/users</arg>
<arg>json=${Corps_Requete}</arg>
<arg>headers=${headers}</arg>
<arg>expected_status=201</arg>
<doc>Sends a POST request.</doc>
<status status="PASS" start="2026-06-03T17:35:43.537093" elapsed="1.325394"/>
</kw>
<kw name="Log" owner="BuiltIn">
<msg time="2026-06-03T17:35:44.866101" level="INFO">{'first_name': 'Anass', 'last_name': 'Rami', 'email': 'anass.rami@api.testacademy.fr', 'avatar': 'https://api.testacademy.fr/img/faces/13-image.jpg', 'id': '13', 'createdAt': '2026-06-03T16:36:15.335299'}</msg>
<arg>${Reponse.json()}</arg>
<doc>Logs the given message with the given level.</doc>
<status status="PASS" start="2026-06-03T17:35:44.863505" elapsed="0.002827"/>
</kw>
<kw name="Dictionary Should Contain Key" owner="Collections">
<arg>${Reponse.json()}</arg>
<arg>id</arg>
<doc>Fails if ``key`` is not found from ``dictionary``.</doc>
<status status="PASS" start="2026-06-03T17:35:44.867159" elapsed="0.002005"/>
</kw>
<kw name="Dictionary Should Contain Key" owner="Collections">
<arg>${Reponse.json()}</arg>
<arg>createdAt</arg>
<doc>Fails if ``key`` is not found from ``dictionary``.</doc>
<status status="PASS" start="2026-06-03T17:35:44.870045" elapsed="0.001902"/>
</kw>
<kw name="Get From Dictionary" owner="Collections">
<msg time="2026-06-03T17:35:44.874829" level="INFO">${first_name} = Anass</msg>
<var>${first_name}</var>
<arg>${Reponse.json()}</arg>
<arg>first_name</arg>
<doc>Returns a value from the given ``dictionary`` based on the given ``key``.</doc>
<status status="PASS" start="2026-06-03T17:35:44.872729" elapsed="0.002291"/>
</kw>
<kw name="Should Be Equal As Strings" owner="BuiltIn">
<arg>${FirstName_Attendu}</arg>
<arg>${first_name}</arg>
<doc>Fails if objects are unequal after converting them to strings.</doc>
<status status="PASS" start="2026-06-03T17:35:44.876184" elapsed="0.001456"/>
</kw>
<kw name="Get From Dictionary" owner="Collections">
<msg time="2026-06-03T17:35:44.881286" level="INFO">${last_name} = Rami</msg>
<var>${last_name}</var>
<arg>${Reponse.json()}</arg>
<arg>last_name</arg>
<doc>Returns a value from the given ``dictionary`` based on the given ``key``.</doc>
<status status="PASS" start="2026-06-03T17:35:44.878448" elapsed="0.003007"/>
</kw>
<kw name="Should Be Equal As Strings" owner="BuiltIn">
<arg>${LastName_Attendu}</arg>
<arg>${last_name}</arg>
<doc>Fails if objects are unequal after converting them to strings.</doc>
<status status="PASS" start="2026-06-03T17:35:44.883040" elapsed="0.001891"/>
</kw>
<kw name="Get From Dictionary" owner="Collections">
<msg time="2026-06-03T17:35:44.888264" level="INFO">${email} = anass.rami@api.testacademy.fr</msg>
<var>${email}</var>
<arg>${Reponse.json()}</arg>
<arg>email</arg>
<doc>Returns a value from the given ``dictionary`` based on the given ``key``.</doc>
<status status="PASS" start="2026-06-03T17:35:44.885877" elapsed="0.002573"/>
</kw>
<kw name="Should Be Equal As Strings" owner="BuiltIn">
<arg>${Email_Attendu}</arg>
<arg>${email}</arg>
<doc>Fails if objects are unequal after converting them to strings.</doc>
<status status="PASS" start="2026-06-03T17:35:44.889475" elapsed="0.002161"/>
</kw>
<status status="PASS" start="2026-06-03T17:35:43.529558" elapsed="1.363472"/>
</test>
<status status="PASS" start="2026-06-03T17:35:43.520371" elapsed="1.375312"/>
</suite>
<suite id="s1-s3" name="03 DELETE" source="C:\Users\hp\Desktop\projet-test-vs code\tests_api\03_DELETE.robot">
<test id="s1-s3-t1" name="Test Requete DELETE" line="12">
<kw name="Create Dictionary" owner="BuiltIn">
<msg time="2026-06-03T17:35:44.912984" level="INFO">&amp;{headers} = { Authorization=Bearer Cle-API-ReqRes-test-academy }</msg>
<var>&amp;{headers}</var>
<arg>Authorization=Bearer ${API_KEY}</arg>
<doc>Creates and returns a dictionary based on the given ``items``.</doc>
<status status="PASS" start="2026-06-03T17:35:44.910241" elapsed="0.002925"/>
</kw>
<kw name="Create Dictionary" owner="BuiltIn">
<msg time="2026-06-03T17:35:44.915880" level="INFO">&amp;{Corps_Creation} = { first_name=DeleteMe | last_name=User | email=delete.me@test.com }</msg>
<var>&amp;{Corps_Creation}</var>
<arg>first_name=DeleteMe</arg>
<arg>last_name=User</arg>
<arg>email=delete.me@test.com</arg>
<doc>Creates and returns a dictionary based on the given ``items``.</doc>
<status status="PASS" start="2026-06-03T17:35:44.914232" elapsed="0.001774"/>
</kw>
<kw name="POST" owner="RequestsLibrary">
<msg time="2026-06-03T17:35:46.294699" level="INFO">POST Request : url=https://mock-api-h0g7.onrender.com/api/users 
 path_url=/api/users 
 headers={'User-Agent': 'python-requests/2.34.2', 'Accept-Encoding': 'gzip, deflate, zstd', 'Accept': '*/*', 'Connection': 'keep-alive', 'Authorization': 'Bearer Cle-API-ReqRes-test-academy', 'Content-Length': '78', 'Content-Type': 'application/json'} 
 body=b'{"first_name": "DeleteMe", "last_name": "User", "email": "delete.me@test.com"}' 
 </msg>
<msg time="2026-06-03T17:35:46.294994" level="INFO">POST Response : url=https://mock-api-h0g7.onrender.com/api/users 
 status=201, reason=Created 
 headers={'Date': 'Wed, 03 Jun 2026 16:36:16 GMT', 'Content-Type': 'application/json', 'Transfer-Encoding': 'chunked', 'Connection': 'keep-alive', 'cf-cache-status': 'DYNAMIC', 'rndr-id': '0ce69ad9-8823-4418', 'Server': 'cloudflare', 'vary': 'Accept-Encoding', 'x-render-origin-server': 'uvicorn', 'CF-RAY': 'a0601da40d620144-MAD', 'alt-svc': 'h3=":443"; ma=86400'} 
 body={"first_name":"DeleteMe","last_name":"User","email":"delete.me@test.com","avatar":"https://api.testacademy.fr/img/faces/14-image.jpg","id":"14","createdAt":"2026-06-03T16:36:16.739548"} 
 </msg>
<msg time="2026-06-03T17:35:46.295449" level="INFO">${CreateReponse} = &lt;Response [201]&gt;</msg>
<var>${CreateReponse}</var>
<arg>${Base_URL}api/users</arg>
<arg>json=${Corps_Creation}</arg>
<arg>headers=${headers}</arg>
<arg>expected_status=201</arg>
<doc>Sends a POST request.</doc>
<status status="PASS" start="2026-06-03T17:35:44.916888" elapsed="1.378671"/>
</kw>
<kw name="Get From Dictionary" owner="Collections">
<msg time="2026-06-03T17:35:46.298709" level="INFO">${id} = 14</msg>
<var>${id}</var>
<arg>${CreateReponse.json()}</arg>
<arg>id</arg>
<doc>Returns a value from the given ``dictionary`` based on the given ``key``.</doc>
<status status="PASS" start="2026-06-03T17:35:46.296702" elapsed="0.002123"/>
</kw>
<kw name="DELETE" owner="RequestsLibrary">
<msg time="2026-06-03T17:35:48.239471" level="INFO">DELETE Request : url=https://mock-api-h0g7.onrender.com/api/users/14 
 path_url=/api/users/14 
 headers={'User-Agent': 'python-requests/2.34.2', 'Accept-Encoding': 'gzip, deflate, zstd', 'Accept': '*/*', 'Connection': 'keep-alive', 'Authorization': 'Bearer Cle-API-ReqRes-test-academy', 'Content-Length': '0'} 
 body=None 
 </msg>
<msg time="2026-06-03T17:35:48.239803" level="INFO">DELETE Response : url=https://mock-api-h0g7.onrender.com/api/users/14 
 status=204, reason=No Content 
 headers={'Date': 'Wed, 03 Jun 2026 16:36:18 GMT', 'Content-Type': 'application/json', 'Connection': 'keep-alive', 'Content-Encoding': 'br', 'rndr-id': 'ed658409-01e4-4bd6', 'Server': 'cloudflare', 'vary': 'Accept-Encoding', 'x-render-origin-server': 'uvicorn', 'cf-cache-status': 'DYNAMIC', 'CF-RAY': 'a0601dae0837cc39-MAD', 'alt-svc': 'h3=":443"; ma=86400'} 
 body=None 
 </msg>
<msg time="2026-06-03T17:35:48.240398" level="INFO">${Reponse} = &lt;Response [204]&gt;</msg>
<var>${Reponse}</var>
<arg>${Base_URL}api/users/${id}</arg>
<arg>headers=${headers}</arg>
<arg>expected_status=204</arg>
<doc>Sends a DELETE request.</doc>
<status status="PASS" start="2026-06-03T17:35:46.299870" elapsed="1.940644"/>
</kw>
<status status="PASS" start="2026-06-03T17:35:44.908017" elapsed="3.333440"/>
</test>
<status status="PASS" start="2026-06-03T17:35:44.899201" elapsed="3.344208"/>
</suite>
<suite id="s1-s4" name="04 PUT" source="C:\Users\hp\Desktop\projet-test-vs code\tests_api\04_PUT.robot">
<test id="s1-s4-t1" name="Test Requete PUT" line="14">
<kw name="Create Dictionary" owner="BuiltIn">
<msg time="2026-06-03T17:35:48.258104" level="INFO">&amp;{headers} = { Authorization=Bearer Cle-API-ReqRes-test-academy }</msg>
<var>&amp;{headers}</var>
<arg>Authorization=Bearer ${API_KEY}</arg>
<doc>Creates and returns a dictionary based on the given ``items``.</doc>
<status status="PASS" start="2026-06-03T17:35:48.256495" elapsed="0.001739"/>
</kw>
<kw name="Create Dictionary" owner="BuiltIn">
<msg time="2026-06-03T17:35:48.260691" level="INFO">&amp;{Corps_Creation} = { first_name=UpdateMe | last_name=User | email=update.me@test.com }</msg>
<var>&amp;{Corps_Creation}</var>
<arg>first_name=UpdateMe</arg>
<arg>last_name=User</arg>
<arg>email=update.me@test.com</arg>
<doc>Creates and returns a dictionary based on the given ``items``.</doc>
<status status="PASS" start="2026-06-03T17:35:48.259065" elapsed="0.001751"/>
</kw>
<kw name="POST" owner="RequestsLibrary">
<msg time="2026-06-03T17:35:49.775592" level="INFO">POST Request : url=https://mock-api-h0g7.onrender.com/api/users 
 path_url=/api/users 
 headers={'User-Agent': 'python-requests/2.34.2', 'Accept-Encoding': 'gzip, deflate, zstd', 'Accept': '*/*', 'Connection': 'keep-alive', 'Authorization': 'Bearer Cle-API-ReqRes-test-academy', 'Content-Length': '78', 'Content-Type': 'application/json'} 
 body=b'{"first_name": "UpdateMe", "last_name": "User", "email": "update.me@test.com"}' 
 </msg>
<msg time="2026-06-03T17:35:49.775900" level="INFO">POST Response : url=https://mock-api-h0g7.onrender.com/api/users 
 status=201, reason=Created 
 headers={'Date': 'Wed, 03 Jun 2026 16:36:20 GMT', 'Content-Type': 'application/json', 'Transfer-Encoding': 'chunked', 'Connection': 'keep-alive', 'cf-cache-status': 'DYNAMIC', 'rndr-id': '63de7b45-233e-4d05', 'Server': 'cloudflare', 'vary': 'Accept-Encoding', 'x-render-origin-server': 'uvicorn', 'CF-RAY': 'a0601db9df84b8c5-MAD', 'alt-svc': 'h3=":443"; ma=86400'} 
 body={"first_name":"UpdateMe","last_name":"User","email":"update.me@test.com","avatar":"https://api.testacademy.fr/img/faces/15-image.jpg","id":"15","createdAt":"2026-06-03T16:36:20.247696"} 
 </msg>
<msg time="2026-06-03T17:35:49.776342" level="INFO">${CreateReponse} = &lt;Response [201]&gt;</msg>
<var>${CreateReponse}</var>
<arg>${Base_URL}api/users</arg>
<arg>json=${Corps_Creation}</arg>
<arg>headers=${headers}</arg>
<arg>expected_status=201</arg>
<doc>Sends a POST request.</doc>
<status status="PASS" start="2026-06-03T17:35:48.261606" elapsed="1.514846"/>
</kw>
<kw name="Get From Dictionary" owner="Collections">
<msg time="2026-06-03T17:35:49.779965" level="INFO">${id} = 15</msg>
<var>${id}</var>
<arg>${CreateReponse.json()}</arg>
<arg>id</arg>
<doc>Returns a value from the given ``dictionary`` based on the given ``key``.</doc>
<status status="PASS" start="2026-06-03T17:35:49.777495" elapsed="0.002633"/>
</kw>
<kw name="Create Dictionary" owner="BuiltIn">
<msg time="2026-06-03T17:35:49.783085" level="INFO">&amp;{Corps_Requete} = { first_name=Janet | last_name=Zion-Weaver | email=janet.zion@api.testacademy.fr }</msg>
<var>&amp;{Corps_Requete}</var>
<arg>first_name=${FirstName_Attendu}</arg>
<arg>last_name=${LastName_Attendu}</arg>
<arg>email=${Email_Attendu}</arg>
<doc>Creates and returns a dictionary based on the given ``items``.</doc>
<status status="PASS" start="2026-06-03T17:35:49.781053" elapsed="0.002160"/>
</kw>
<kw name="PUT" owner="RequestsLibrary">
<msg time="2026-06-03T17:35:51.166399" level="INFO">PUT Request : url=https://mock-api-h0g7.onrender.com/api/users/15 
 path_url=/api/users/15 
 headers={'User-Agent': 'python-requests/2.34.2', 'Accept-Encoding': 'gzip, deflate, zstd', 'Accept': '*/*', 'Connection': 'keep-alive', 'Authorization': 'Bearer Cle-API-ReqRes-test-academy', 'Content-Length': '93', 'Content-Type': 'application/json'} 
 body=b'{"first_name": "Janet", "last_name": "Zion-Weaver", "email": "janet.zion@api.testacademy.fr"}' 
 </msg>
<msg time="2026-06-03T17:35:51.166702" level="INFO">PUT Response : url=https://mock-api-h0g7.onrender.com/api/users/15 
 status=200, reason=OK 
 headers={'Date': 'Wed, 03 Jun 2026 16:36:21 GMT', 'Content-Type': 'application/json', 'Transfer-Encoding': 'chunked', 'Connection': 'keep-alive', 'cf-cache-status': 'DYNAMIC', 'rndr-id': '9764287f-7673-417d', 'Server': 'cloudflare', 'vary': 'Accept-Encoding', 'x-render-origin-server': 'uvicorn', 'Content-Encoding': 'gzip', 'CF-RAY': 'a0601dc2ca77034d-MAD', 'alt-svc': 'h3=":443"; ma=86400'} 
 body={"first_name":"Janet","last_name":"Zion-Weaver","email":"janet.zion@api.testacademy.fr","avatar":"https://api.testacademy.fr/img/faces/15-image.jpg","updatedAt":"2026-06-03T16:36:21.651039"} 
 </msg>
<msg time="2026-06-03T17:35:51.167140" level="INFO">${Reponse} = &lt;Response [200]&gt;</msg>
<var>${Reponse}</var>
<arg>${Base_URL}api/users/${id}</arg>
<arg>json=${Corps_Requete}</arg>
<arg>headers=${headers}</arg>
<arg>expected_status=200</arg>
<doc>Sends a PUT request.</doc>
<status status="PASS" start="2026-06-03T17:35:49.784127" elapsed="1.383123"/>
</kw>
<kw name="Log" owner="BuiltIn">
<msg time="2026-06-03T17:35:51.170979" level="INFO">{'first_name': 'Janet', 'last_name': 'Zion-Weaver', 'email': 'janet.zion@api.testacademy.fr', 'avatar': 'https://api.testacademy.fr/img/faces/15-image.jpg', 'updatedAt': '2026-06-03T16:36:21.651039'}</msg>
<arg>${Reponse.json()}</arg>
<doc>Logs the given message with the given level.</doc>
<status status="PASS" start="2026-06-03T17:35:51.168248" elapsed="0.002951"/>
</kw>
<kw name="Dictionary Should Contain Key" owner="Collections">
<arg>${Reponse.json()}</arg>
<arg>updatedAt</arg>
<doc>Fails if ``key`` is not found from ``dictionary``.</doc>
<status status="PASS" start="2026-06-03T17:35:51.172139" elapsed="0.002094"/>
</kw>
<kw name="Get From Dictionary" owner="Collections">
<msg time="2026-06-03T17:35:51.177648" level="INFO">${first_name} = Janet</msg>
<var>${first_name}</var>
<arg>${Reponse.json()}</arg>
<arg>first_name</arg>
<doc>Returns a value from the given ``dictionary`` based on the given ``key``.</doc>
<status status="PASS" start="2026-06-03T17:35:51.175233" elapsed="0.002535"/>
</kw>
<kw name="Should Be Equal As Strings" owner="BuiltIn">
<arg>${FirstName_Attendu}</arg>
<arg>${first_name}</arg>
<doc>Fails if objects are unequal after converting them to strings.</doc>
<status status="PASS" start="2026-06-03T17:35:51.179148" elapsed="0.001517"/>
</kw>
<kw name="Get From Dictionary" owner="Collections">
<msg time="2026-06-03T17:35:51.184055" level="INFO">${last_name} = Zion-Weaver</msg>
<var>${last_name}</var>
<arg>${Reponse.json()}</arg>
<arg>last_name</arg>
<doc>Returns a value from the given ``dictionary`` based on the given ``key``.</doc>
<status status="PASS" start="2026-06-03T17:35:51.181428" elapsed="0.002744"/>
</kw>
<kw name="Should Be Equal As Strings" owner="BuiltIn">
<arg>${LastName_Attendu}</arg>
<arg>${last_name}</arg>
<doc>Fails if objects are unequal after converting them to strings.</doc>
<status status="PASS" start="2026-06-03T17:35:51.184969" elapsed="0.001302"/>
</kw>
<kw name="Get From Dictionary" owner="Collections">
<msg time="2026-06-03T17:35:51.189107" level="INFO">${email} = janet.zion@api.testacademy.fr</msg>
<var>${email}</var>
<arg>${Reponse.json()}</arg>
<arg>email</arg>
<doc>Returns a value from the given ``dictionary`` based on the given ``key``.</doc>
<status status="PASS" start="2026-06-03T17:35:51.187034" elapsed="0.002212"/>
</kw>
<kw name="Should Be Equal As Strings" owner="BuiltIn">
<arg>${Email_Attendu}</arg>
<arg>${email}</arg>
<doc>Fails if objects are unequal after converting them to strings.</doc>
<status status="PASS" start="2026-06-03T17:35:51.190163" elapsed="0.001270"/>
</kw>
<status status="PASS" start="2026-06-03T17:35:48.255003" elapsed="2.937201"/>
</test>
<status status="PASS" start="2026-06-03T17:35:48.245777" elapsed="2.948381"/>
</suite>
<suite id="s1-s5" name="05 GET User" source="C:\Users\hp\Desktop\projet-test-vs code\tests_api\05_GET_User.robot">
<test id="s1-s5-t1" name="Test Requete GET Single User" line="11">
<kw name="Create Dictionary" owner="BuiltIn">
<msg time="2026-06-03T17:35:51.208665" level="INFO">&amp;{headers} = { Authorization=Bearer Cle-API-ReqRes-test-academy }</msg>
<var>&amp;{headers}</var>
<arg>Authorization=Bearer ${API_KEY}</arg>
<doc>Creates and returns a dictionary based on the given ``items``.</doc>
<status status="PASS" start="2026-06-03T17:35:51.207064" elapsed="0.001734"/>
</kw>
<kw name="Create Dictionary" owner="BuiltIn">
<msg time="2026-06-03T17:35:51.211157" level="INFO">&amp;{Corps_Creation} = { first_name=GetMe | last_name=User | email=get.me@test.com }</msg>
<var>&amp;{Corps_Creation}</var>
<arg>first_name=GetMe</arg>
<arg>last_name=User</arg>
<arg>email=get.me@test.com</arg>
<doc>Creates and returns a dictionary based on the given ``items``.</doc>
<status status="PASS" start="2026-06-03T17:35:51.209747" elapsed="0.001531"/>
</kw>
<kw name="POST" owner="RequestsLibrary">
<msg time="2026-06-03T17:35:52.847202" level="INFO">POST Request : url=https://mock-api-h0g7.onrender.com/api/users 
 path_url=/api/users 
 headers={'User-Agent': 'python-requests/2.34.2', 'Accept-Encoding': 'gzip, deflate, zstd', 'Accept': '*/*', 'Connection': 'keep-alive', 'Authorization': 'Bearer Cle-API-ReqRes-test-academy', 'Content-Length': '72', 'Content-Type': 'application/json'} 
 body=b'{"first_name": "GetMe", "last_name": "User", "email": "get.me@test.com"}' 
 </msg>
<msg time="2026-06-03T17:35:52.847353" level="INFO">POST Response : url=https://mock-api-h0g7.onrender.com/api/users 
 status=201, reason=Created 
 headers={'Date': 'Wed, 03 Jun 2026 16:36:23 GMT', 'Content-Type': 'application/json', 'Transfer-Encoding': 'chunked', 'Connection': 'keep-alive', 'cf-cache-status': 'DYNAMIC', 'rndr-id': '5e9df268-d530-46d0', 'Server': 'cloudflare', 'vary': 'Accept-Encoding', 'x-render-origin-server': 'uvicorn', 'CF-RAY': 'a0601dccf83bcbc6-MAD', 'alt-svc': 'h3=":443"; ma=86400'} 
 body={"first_name":"GetMe","last_name":"User","email":"get.me@test.com","avatar":"https://api.testacademy.fr/img/faces/16-image.jpg","id":"16","createdAt":"2026-06-03T16:36:23.285346"} 
 </msg>
<msg time="2026-06-03T17:35:52.847549" level="INFO">${CreateReponse} = &lt;Response [201]&gt;</msg>
<var>${CreateReponse}</var>
<arg>${Base_URL}api/users</arg>
<arg>json=${Corps_Creation}</arg>
<arg>headers=${headers}</arg>
<arg>expected_status=201</arg>
<doc>Sends a POST request.</doc>
<status status="PASS" start="2026-06-03T17:35:51.212090" elapsed="1.635504"/>
</kw>
<kw name="Get From Dictionary" owner="Collections">
<msg time="2026-06-03T17:35:52.849085" level="INFO">${User_Id} = 16</msg>
<var>${User_Id}</var>
<arg>${CreateReponse.json()}</arg>
<arg>id</arg>
<doc>Returns a value from the given ``dictionary`` based on the given ``key``.</doc>
<status status="PASS" start="2026-06-03T17:35:52.848029" elapsed="0.001113"/>
</kw>
<kw name="GET" owner="RequestsLibrary">
<msg time="2026-06-03T17:35:53.768560" level="INFO">GET Request : url=https://mock-api-h0g7.onrender.com/api/users/16 
 path_url=/api/users/16 
 headers={'User-Agent': 'python-requests/2.34.2', 'Accept-Encoding': 'gzip, deflate, zstd', 'Accept': '*/*', 'Connection': 'keep-alive', 'Authorization': 'Bearer Cle-API-ReqRes-test-academy'} 
 body=None 
 </msg>
<msg time="2026-06-03T17:35:53.768745" level="INFO">GET Response : url=https://mock-api-h0g7.onrender.com/api/users/16 
 status=200, reason=OK 
 headers={'Date': 'Wed, 03 Jun 2026 16:36:24 GMT', 'Content-Type': 'application/json', 'Transfer-Encoding': 'chunked', 'Connection': 'keep-alive', 'cf-cache-status': 'DYNAMIC', 'rndr-id': '89614bbf-7168-4daf', 'Server': 'cloudflare', 'vary': 'Accept-Encoding', 'x-render-origin-server': 'uvicorn', 'Content-Encoding': 'gzip', 'CF-RAY': 'a0601dd2cc2bb730-MAD', 'alt-svc': 'h3=":443"; ma=86400'} 
 body={"data":{"id":16,"email":"get.me@test.com","first_name":"GetMe","last_name":"User","avatar":"https://api.testacademy.fr/img/faces/16-image.jpg"},"support":{"url":"https://api.testacademy.fr/#support-heading","text":"To keep TestAcademy free, contributions towards server costs are appreciated!"}} 
 </msg>
<msg time="2026-06-03T17:35:53.769010" level="INFO">${Reponse} = &lt;Response [200]&gt;</msg>
<var>${Reponse}</var>
<arg>${Base_URL}api/users/${User_Id}</arg>
<arg>headers=${headers}</arg>
<arg>expected_status=200</arg>
<doc>Sends a GET request.</doc>
<status status="PASS" start="2026-06-03T17:35:52.849562" elapsed="0.919537"/>
</kw>
<kw name="Log" owner="BuiltIn">
<msg time="2026-06-03T17:35:53.771130" level="INFO">{'data': {'id': 16, 'email': 'get.me@test.com', 'first_name': 'GetMe', 'last_name': 'User', 'avatar': 'https://api.testacademy.fr/img/faces/16-image.jpg'}, 'support': {'url': 'https://api.testacademy.fr/#support-heading', 'text': 'To keep TestAcademy free, contributions towards server costs are appreciated!'}}</msg>
<arg>${Reponse.json()}</arg>
<doc>Logs the given message with the given level.</doc>
<status status="PASS" start="2026-06-03T17:35:53.769648" elapsed="0.001614"/>
</kw>
<kw name="Dictionary Should Contain Key" owner="Collections">
<arg>${Reponse.json()}</arg>
<arg>data</arg>
<doc>Fails if ``key`` is not found from ``dictionary``.</doc>
<status status="PASS" start="2026-06-03T17:35:53.771694" elapsed="0.001064"/>
</kw>
<kw name="Dictionary Should Contain Key" owner="Collections">
<arg>${Reponse.json()}</arg>
<arg>support</arg>
<doc>Fails if ``key`` is not found from ``dictionary``.</doc>
<status status="PASS" start="2026-06-03T17:35:53.773235" elapsed="0.001577"/>
</kw>
<kw name="Get From Dictionary" owner="Collections">
<msg time="2026-06-03T17:35:53.776727" level="INFO">${data} = {'id': 16, 'email': 'get.me@test.com', 'first_name': 'GetMe', 'last_name': 'User', 'avatar': 'https://api.testacademy.fr/img/faces/16-image.jpg'}</msg>
<var>${data}</var>
<arg>${Reponse.json()}</arg>
<arg>data</arg>
<doc>Returns a value from the given ``dictionary`` based on the given ``key``.</doc>
<status status="PASS" start="2026-06-03T17:35:53.775313" elapsed="0.001536"/>
</kw>
<kw name="Dictionary Should Contain Key" owner="Collections">
<arg>${data}</arg>
<arg>id</arg>
<doc>Fails if ``key`` is not found from ``dictionary``.</doc>
<status status="PASS" start="2026-06-03T17:35:53.777471" elapsed="0.000553"/>
</kw>
<kw name="Dictionary Should Contain Key" owner="Collections">
<arg>${data}</arg>
<arg>email</arg>
<doc>Fails if ``key`` is not found from ``dictionary``.</doc>
<status status="PASS" start="2026-06-03T17:35:53.779413" elapsed="0.000454"/>
</kw>
<kw name="Dictionary Should Contain Key" owner="Collections">
<arg>${data}</arg>
<arg>first_name</arg>
<doc>Fails if ``key`` is not found from ``dictionary``.</doc>
<status status="PASS" start="2026-06-03T17:35:53.780332" elapsed="0.000586"/>
</kw>
<kw name="Dictionary Should Contain Key" owner="Collections">
<arg>${data}</arg>
<arg>last_name</arg>
<doc>Fails if ``key`` is not found from ``dictionary``.</doc>
<status status="PASS" start="2026-06-03T17:35:53.781376" elapsed="0.000382"/>
</kw>
<kw name="Dictionary Should Contain Key" owner="Collections">
<arg>${data}</arg>
<arg>avatar</arg>
<doc>Fails if ``key`` is not found from ``dictionary``.</doc>
<status status="PASS" start="2026-06-03T17:35:53.782264" elapsed="0.001712"/>
</kw>
<kw name="Get From Dictionary" owner="Collections">
<msg time="2026-06-03T17:35:53.784930" level="INFO">${id} = 16</msg>
<var>${id}</var>
<arg>${data}</arg>
<arg>id</arg>
<doc>Returns a value from the given ``dictionary`` based on the given ``key``.</doc>
<status status="PASS" start="2026-06-03T17:35:53.784448" elapsed="0.000553"/>
</kw>
<kw name="Should Be Equal As Integers" owner="BuiltIn">
<msg time="2026-06-03T17:35:53.786376" level="INFO">Argument types are:
&lt;class 'int'&gt;
&lt;class 'str'&gt;</msg>
<arg>${id}</arg>
<arg>${User_Id}</arg>
<doc>Fails if objects are unequal after converting them to integers.</doc>
<status status="PASS" start="2026-06-03T17:35:53.785576" elapsed="0.000993"/>
</kw>
<status status="PASS" start="2026-06-03T17:35:51.205590" elapsed="2.581394"/>
</test>
<status status="PASS" start="2026-06-03T17:35:51.196526" elapsed="2.591808"/>
</suite>
<suite id="s1-s6" name="06 GET Unknown" source="C:\Users\hp\Desktop\projet-test-vs code\tests_api\06_GET_Unknown.robot">
<test id="s1-s6-t1" name="Test Requete GET Resource List" line="10">
<kw name="Create Dictionary" owner="BuiltIn">
<msg time="2026-06-03T17:35:53.797435" level="INFO">&amp;{headers} = { Authorization=Bearer Cle-API-ReqRes-test-academy }</msg>
<var>&amp;{headers}</var>
<arg>Authorization=Bearer ${API_KEY}</arg>
<doc>Creates and returns a dictionary based on the given ``items``.</doc>
<status status="PASS" start="2026-06-03T17:35:53.796175" elapsed="0.001344"/>
</kw>
<kw name="GET" owner="RequestsLibrary">
<msg time="2026-06-03T17:35:55.003073" level="INFO">GET Request : url=https://mock-api-h0g7.onrender.com/api/unknown 
 path_url=/api/unknown 
 headers={'User-Agent': 'python-requests/2.34.2', 'Accept-Encoding': 'gzip, deflate, zstd', 'Accept': '*/*', 'Connection': 'keep-alive', 'Authorization': 'Bearer Cle-API-ReqRes-test-academy'} 
 body=None 
 </msg>
<msg time="2026-06-03T17:35:55.003233" level="INFO">GET Response : url=https://mock-api-h0g7.onrender.com/api/unknown 
 status=200, reason=OK 
 headers={'Date': 'Wed, 03 Jun 2026 16:36:25 GMT', 'Content-Type': 'application/json', 'Transfer-Encoding': 'chunked', 'Connection': 'keep-alive', 'cf-cache-status': 'DYNAMIC', 'rndr-id': '0184b9d4-d1c5-4215', 'Server': 'cloudflare', 'vary': 'Accept-Encoding', 'x-render-origin-server': 'uvicorn', 'Content-Encoding': 'gzip', 'CF-RAY': 'a0601dda9d00cfc9-MAD', 'alt-svc': 'h3=":443"; ma=86400'} 
 body={"page":1,"per_page":6,"total":6,"total_pages":1,"data":[{"id":1,"name":"cerulean","year":2000,"color":"#98B2D1","pantone_value":"15-4020"},{"id":2,"name":"fuchsia rose","year":2001,"color":"#C74375","pantone_value":"17-2031"},{"id":3,"name":"true red","year":2002,"color":"#BF1932","pantone_value":"19-1664"},{"id":4,"name":"aqua sky","year":2003,"color":"#7BC4C4","pantone_value":"14-4811"},{"id":5,"name":"tigerlily","year":2004,"color":"#E2583E","pantone_value":"17-1456"},{"id":6,"name":"blue turquoise","year":2005,"color":"#53B0AE","pantone_value":"15-5217"}],"support":{"url":"https://api.testacademy.fr/#support-heading","text":"To keep TestAcademy free, contributions towards server costs are appreciated!"}} 
 </msg>
<msg time="2026-06-03T17:35:55.003477" level="INFO">${Reponse} = &lt;Response [200]&gt;</msg>
<var>${Reponse}</var>
<arg>${Base_URL}api/unknown</arg>
<arg>headers=${headers}</arg>
<arg>expected_status=200</arg>
<doc>Sends a GET request.</doc>
<status status="PASS" start="2026-06-03T17:35:53.797990" elapsed="1.205549"/>
</kw>
<kw name="Log" owner="BuiltIn">
<msg time="2026-06-03T17:35:55.005338" level="INFO">{'page': 1, 'per_page': 6, 'total': 6, 'total_pages': 1, 'data': [{'id': 1, 'name': 'cerulean', 'year': 2000, 'color': '#98B2D1', 'pantone_value': '15-4020'}, {'id': 2, 'name': 'fuchsia rose', 'year': 2001, 'color': '#C74375', 'pantone_value': '17-2031'}, {'id': 3, 'name': 'true red', 'year': 2002, 'color': '#BF1932', 'pantone_value': '19-1664'}, {'id': 4, 'name': 'aqua sky', 'year': 2003, 'color': '#7BC4C4', 'pantone_value': '14-4811'}, {'id': 5, 'name': 'tigerlily', 'year': 2004, 'color': '#E2583E', 'pantone_value': '17-1456'}, {'id': 6, 'name': 'blue turquoise', 'year': 2005, 'color': '#53B0AE', 'pantone_value': '15-5217'}], 'support': {'url': 'https://api.testacademy.fr/#support-heading', 'text': 'To keep TestAcademy free, contributions towards server costs are appreciated!'}}</msg>
<arg>${Reponse.json()}</arg>
<doc>Logs the given message with the given level.</doc>
<status status="PASS" start="2026-06-03T17:35:55.004006" elapsed="0.001578"/>
</kw>
<kw name="Dictionary Should Contain Key" owner="Collections">
<arg>${Reponse.json()}</arg>
<arg>page</arg>
<doc>Fails if ``key`` is not found from ``dictionary``.</doc>
<status status="PASS" start="2026-06-03T17:35:55.005988" elapsed="0.001020"/>
</kw>
<kw name="Dictionary Should Contain Key" owner="Collections">
<arg>${Reponse.json()}</arg>
<arg>per_page</arg>
<doc>Fails if ``key`` is not found from ``dictionary``.</doc>
<status status="PASS" start="2026-06-03T17:35:55.007420" elapsed="0.001009"/>
</kw>
<kw name="Dictionary Should Contain Key" owner="Collections">
<arg>${Reponse.json()}</arg>
<arg>total</arg>
<doc>Fails if ``key`` is not found from ``dictionary``.</doc>
<status status="PASS" start="2026-06-03T17:35:55.009232" elapsed="0.001885"/>
</kw>
<kw name="Dictionary Should Contain Key" owner="Collections">
<arg>${Reponse.json()}</arg>
<arg>total_pages</arg>
<doc>Fails if ``key`` is not found from ``dictionary``.</doc>
<status status="PASS" start="2026-06-03T17:35:55.011737" elapsed="0.001314"/>
</kw>
<kw name="Dictionary Should Contain Key" owner="Collections">
<arg>${Reponse.json()}</arg>
<arg>data</arg>
<doc>Fails if ``key`` is not found from ``dictionary``.</doc>
<status status="PASS" start="2026-06-03T17:35:55.013589" elapsed="0.000800"/>
</kw>
<kw name="Dictionary Should Contain Key" owner="Collections">
<arg>${Reponse.json()}</arg>
<arg>support</arg>
<doc>Fails if ``key`` is not found from ``dictionary``.</doc>
<status status="PASS" start="2026-06-03T17:35:55.014815" elapsed="0.001143"/>
</kw>
<kw name="Get From Dictionary" owner="Collections">
<msg time="2026-06-03T17:35:55.017450" level="INFO">${data_list} = [{'id': 1, 'name': 'cerulean', 'year': 2000, 'color': '#98B2D1', 'pantone_value': '15-4020'}, {'id': 2, 'name': 'fuchsia rose', 'year': 2001, 'color': '#C74375', 'pantone_value': '17-2031'}, {'id': 3,...</msg>
<var>${data_list}</var>
<arg>${Reponse.json()}</arg>
<arg>data</arg>
<doc>Returns a value from the given ``dictionary`` based on the given ``key``.</doc>
<status status="PASS" start="2026-06-03T17:35:55.016627" elapsed="0.000875"/>
</kw>
<kw name="Evaluate" owner="BuiltIn">
<msg time="2026-06-03T17:35:55.018915" level="INFO">${is_list} = True</msg>
<var>${is_list}</var>
<arg>isinstance($data_list, list)</arg>
<doc>Evaluates the given expression in Python and returns the result.</doc>
<status status="PASS" start="2026-06-03T17:35:55.017895" elapsed="0.001099"/>
</kw>
<kw name="Should Be True" owner="BuiltIn">
<arg>${is_list}</arg>
<doc>Fails if the given condition is not true.</doc>
<status status="PASS" start="2026-06-03T17:35:55.019426" elapsed="0.000670"/>
</kw>
<kw name="Get Length" owner="BuiltIn">
<msg time="2026-06-03T17:35:55.021748" level="INFO">Length is 6.</msg>
<msg time="2026-06-03T17:35:55.021959" level="INFO">${len} = 6</msg>
<var>${len}</var>
<arg>${data_list}</arg>
<doc>Returns and logs the length of the given item as an integer.</doc>
<status status="PASS" start="2026-06-03T17:35:55.020692" elapsed="0.001325"/>
</kw>
<kw name="Should Be True" owner="BuiltIn">
<arg>${len} &gt; 0</arg>
<doc>Fails if the given condition is not true.</doc>
<status status="PASS" start="2026-06-03T17:35:55.022493" elapsed="0.000783"/>
</kw>
<status status="PASS" start="2026-06-03T17:35:53.795447" elapsed="1.228253"/>
</test>
<status status="PASS" start="2026-06-03T17:35:53.789560" elapsed="1.235021"/>
</suite>
<suite id="s1-s7" name="07 GET Unknown Resource" source="C:\Users\hp\Desktop\projet-test-vs code\tests_api\07_GET_Unknown_Resource.robot">
<test id="s1-s7-t1" name="Test Requete GET Single Resource" line="11">
<kw name="Create Dictionary" owner="BuiltIn">
<msg time="2026-06-03T17:35:55.032856" level="INFO">&amp;{headers} = { Authorization=Bearer Cle-API-ReqRes-test-academy }</msg>
<var>&amp;{headers}</var>
<arg>Authorization=Bearer ${API_KEY}</arg>
<doc>Creates and returns a dictionary based on the given ``items``.</doc>
<status status="PASS" start="2026-06-03T17:35:55.031910" elapsed="0.001063"/>
</kw>
<kw name="GET" owner="RequestsLibrary">
<msg time="2026-06-03T17:35:56.655101" level="INFO">GET Request : url=https://mock-api-h0g7.onrender.com/api/unknown/2 
 path_url=/api/unknown/2 
 headers={'User-Agent': 'python-requests/2.34.2', 'Accept-Encoding': 'gzip, deflate, zstd', 'Accept': '*/*', 'Connection': 'keep-alive', 'Authorization': 'Bearer Cle-API-ReqRes-test-academy'} 
 body=None 
 </msg>
<msg time="2026-06-03T17:35:56.655261" level="INFO">GET Response : url=https://mock-api-h0g7.onrender.com/api/unknown/2 
 status=200, reason=OK 
 headers={'Date': 'Wed, 03 Jun 2026 16:36:27 GMT', 'Content-Type': 'application/json', 'Transfer-Encoding': 'chunked', 'Connection': 'keep-alive', 'cf-cache-status': 'DYNAMIC', 'rndr-id': 'f4637b9e-5693-4939', 'Server': 'cloudflare', 'vary': 'Accept-Encoding', 'x-render-origin-server': 'uvicorn', 'Content-Encoding': 'gzip', 'CF-RAY': 'a0601de51f2d2a5a-MAD', 'alt-svc': 'h3=":443"; ma=86400'} 
 body={"data":{"id":2,"name":"fuchsia rose","year":2001,"color":"#C74375","pantone_value":"17-2031"},"support":{"url":"https://api.testacademy.fr/#support-heading","text":"To keep TestAcademy free, contributions towards server costs are appreciated!"}} 
 </msg>
<msg time="2026-06-03T17:35:56.655464" level="INFO">${Reponse} = &lt;Response [200]&gt;</msg>
<var>${Reponse}</var>
<arg>${Base_URL}api/unknown/${Resource_Id}</arg>
<arg>headers=${headers}</arg>
<arg>expected_status=200</arg>
<doc>Sends a GET request.</doc>
<status status="PASS" start="2026-06-03T17:35:55.033462" elapsed="1.622063"/>
</kw>
<kw name="Log" owner="BuiltIn">
<msg time="2026-06-03T17:35:56.657389" level="INFO">{'data': {'id': 2, 'name': 'fuchsia rose', 'year': 2001, 'color': '#C74375', 'pantone_value': '17-2031'}, 'support': {'url': 'https://api.testacademy.fr/#support-heading', 'text': 'To keep TestAcademy free, contributions towards server costs are appreciated!'}}</msg>
<arg>${Reponse.json()}</arg>
<doc>Logs the given message with the given level.</doc>
<status status="PASS" start="2026-06-03T17:35:56.655974" elapsed="0.001624"/>
</kw>
<kw name="Dictionary Should Contain Key" owner="Collections">
<arg>${Reponse.json()}</arg>
<arg>data</arg>
<doc>Fails if ``key`` is not found from ``dictionary``.</doc>
<status status="PASS" start="2026-06-03T17:35:56.658096" elapsed="0.001301"/>
</kw>
<kw name="Dictionary Should Contain Key" owner="Collections">
<arg>${Reponse.json()}</arg>
<arg>support</arg>
<doc>Fails if ``key`` is not found from ``dictionary``.</doc>
<status status="PASS" start="2026-06-03T17:35:56.659786" elapsed="0.000794"/>
</kw>
<kw name="Get From Dictionary" owner="Collections">
<msg time="2026-06-03T17:35:56.661781" level="INFO">${data} = {'id': 2, 'name': 'fuchsia rose', 'year': 2001, 'color': '#C74375', 'pantone_value': '17-2031'}</msg>
<var>${data}</var>
<arg>${Reponse.json()}</arg>
<arg>data</arg>
<doc>Returns a value from the given ``dictionary`` based on the given ``key``.</doc>
<status status="PASS" start="2026-06-03T17:35:56.660960" elapsed="0.000881"/>
</kw>
<kw name="Dictionary Should Contain Key" owner="Collections">
<arg>${data}</arg>
<arg>id</arg>
<doc>Fails if ``key`` is not found from ``dictionary``.</doc>
<status status="PASS" start="2026-06-03T17:35:56.662584" elapsed="0.000403"/>
</kw>
<kw name="Dictionary Should Contain Key" owner="Collections">
<arg>${data}</arg>
<arg>name</arg>
<doc>Fails if ``key`` is not found from ``dictionary``.</doc>
<status status="PASS" start="2026-06-03T17:35:56.663320" elapsed="0.000264"/>
</kw>
<kw name="Dictionary Should Contain Key" owner="Collections">
<arg>${data}</arg>
<arg>year</arg>
<doc>Fails if ``key`` is not found from ``dictionary``.</doc>
<status status="PASS" start="2026-06-03T17:35:56.663931" elapsed="0.000418"/>
</kw>
<kw name="Dictionary Should Contain Key" owner="Collections">
<arg>${data}</arg>
<arg>color</arg>
<doc>Fails if ``key`` is not found from ``dictionary``.</doc>
<status status="PASS" start="2026-06-03T17:35:56.664937" elapsed="0.000310"/>
</kw>
<kw name="Dictionary Should Contain Key" owner="Collections">
<arg>${data}</arg>
<arg>pantone_value</arg>
<doc>Fails if ``key`` is not found from ``dictionary``.</doc>
<status status="PASS" start="2026-06-03T17:35:56.665533" elapsed="0.000455"/>
</kw>
<kw name="Get From Dictionary" owner="Collections">
<msg time="2026-06-03T17:35:56.666809" level="INFO">${id} = 2</msg>
<var>${id}</var>
<arg>${data}</arg>
<arg>id</arg>
<doc>Returns a value from the given ``dictionary`` based on the given ``key``.</doc>
<status status="PASS" start="2026-06-03T17:35:56.666357" elapsed="0.000507"/>
</kw>
<kw name="Should Be Equal As Integers" owner="BuiltIn">
<msg time="2026-06-03T17:35:56.667857" level="INFO">Argument types are:
&lt;class 'int'&gt;
&lt;class 'str'&gt;</msg>
<arg>${id}</arg>
<arg>${Resource_Id}</arg>
<doc>Fails if objects are unequal after converting them to integers.</doc>
<status status="PASS" start="2026-06-03T17:35:56.667228" elapsed="0.000755"/>
</kw>
<status status="PASS" start="2026-06-03T17:35:55.031091" elapsed="1.637239"/>
</test>
<status status="PASS" start="2026-06-03T17:35:55.025796" elapsed="1.643294"/>
</suite>
<status status="PASS" start="2026-06-03T17:35:09.113387" elapsed="47.557013"/>
</suite>
<statistics>
<total>
<stat pass="7" fail="0" skip="0">All Tests</stat>
</total>
<tag>
</tag>
<suite>
<stat name="Tests Api" id="s1" pass="7" fail="0" skip="0">Tests Api</stat>
<stat name="01 GET" id="s1-s1" pass="1" fail="0" skip="0">Tests Api.01 GET</stat>
<stat name="02 POST" id="s1-s2" pass="1" fail="0" skip="0">Tests Api.02 POST</stat>
<stat name="03 DELETE" id="s1-s3" pass="1" fail="0" skip="0">Tests Api.03 DELETE</stat>
<stat name="04 PUT" id="s1-s4" pass="1" fail="0" skip="0">Tests Api.04 PUT</stat>
<stat name="05 GET User" id="s1-s5" pass="1" fail="0" skip="0">Tests Api.05 GET User</stat>
<stat name="06 GET Unknown" id="s1-s6" pass="1" fail="0" skip="0">Tests Api.06 GET Unknown</stat>
<stat name="07 GET Unknown Resource" id="s1-s7" pass="1" fail="0" skip="0">Tests Api.07 GET Unknown Resource</stat>
</suite>
</statistics>
<errors>
</errors>
</robot>
